<?xml version="1.0" encoding="UTF-8"?>
<!-- Generated by org.testng.reporters.JUnitXMLReporter -->
<testsuite ignored="0" hostname="LTIN447915" failures="0" tests="12" name="Default test" time="219.556" errors="0" timestamp="19 Jun 2023 11:58:07 GMT">
  <testcase classname="Test.TestCases" name="setDriverMethod" time="15.004"/>
  <testcase classname="Test.TestCases" name="loginPageMethod" time="75.333"/>
  <testcase classname="Test.TestCases" name="becognizantMethod" time="43.395"/>
  <testcase classname="Test.TestCases" name="detailsGetTextMethod" time="6.452"/>
  <testcase classname="Test.TestCases" name="scrollMethod" time="12.91"/>
  <testcase classname="Test.TestCases" name="searchTruTimeMethod" time="47.457"/>
  <testcase classname="Test.TestCases" name="getDaysFromLocalSysMethod" time="0.019"/>
  <testcase classname="Test.TestCases" name="getDaysFromTrutimeMethod" time="11.096"/>
  <testcase classname="Test.TestCases" name="compareDatesMethod" time="0.901"/>
  <testcase classname="Test.TestCases" name="checkCurrentDateMethod" time="0.05"/>
  <testcase classname="Test.TestCases" name="validateLastTopUpDateMethod" time="0.023"/>
  <testcase classname="Test.TestCases" name="driverClose" time="6.871"/>
</testsuite> <!-- Default test -->
